time="02-13 09:51:11.589" level=panic msg="error reading config file" error="read .env: is a directory"
panic: (*logrus.Entry) 0xc00017a000

goroutine 1 [running]:
github.com/sirupsen/logrus.(*Entry).log(0xc000115f30, 0x0, {0xc0000281e0, 0x19})
	/go/pkg/mod/github.com/sirupsen/logrus@v1.8.1/entry.go:259 +0x24f
github.com/sirupsen/logrus.(*Entry).Log(0xc000133f80, 0x0, {0xc000115f30, 0x825980, 0xc00010b440})
	/go/pkg/mod/github.com/sirupsen/logrus@v1.8.1/entry.go:293 +0x4f
github.com/sirupsen/logrus.(*Entry).Panic(...)
	/go/pkg/mod/github.com/sirupsen/logrus@v1.8.1/entry.go:331
main.main()
	/go/src/app/daemon.go:35 +0x18b
time="02-13 09:51:12.629" level=panic msg="error reading config file" error="read .env: is a directory"
panic: (*logrus.Entry) 0xc0002000e0

goroutine 1 [running]:
github.com/sirupsen/logrus.(*Entry).log(0xc00009df30, 0x0, {0xc000028080, 0x19})
	/go/pkg/mod/github.com/sirupsen/logrus@v1.8.1/entry.go:259 +0x24f
github.com/sirupsen/logrus.(*Entry).Log(0xc000200070, 0x0, {0xc00009df30, 0x825980, 0xc00007c030})
	/go/pkg/mod/github.com/sirupsen/logrus@v1.8.1/entry.go:293 +0x4f
github.com/sirupsen/logrus.(*Entry).Panic(...)
	/go/pkg/mod/github.com/sirupsen/logrus@v1.8.1/entry.go:331
main.main()
	/go/src/app/daemon.go:35 +0x18b
time="02-13 09:51:14.652" level=panic msg="error reading config file" error="read .env: is a directory"
panic: (*logrus.Entry) 0xc000174000

goroutine 1 [running]:
github.com/sirupsen/logrus.(*Entry).log(0xc000111f30, 0x0, {0xc0000281e0, 0x19})
	/go/pkg/mod/github.com/sirupsen/logrus@v1.8.1/entry.go:259 +0x24f
github.com/sirupsen/logrus.(*Entry).Log(0xc00012df80, 0x0, {0xc000111f30, 0x825980, 0xc00007f440})
	/go/pkg/mod/github.com/sirupsen/logrus@v1.8.1/entry.go:293 +0x4f
github.com/sirupsen/logrus.(*Entry).Panic(...)
	/go/pkg/mod/github.com/sirupsen/logrus@v1.8.1/entry.go:331
main.main()
	/go/src/app/daemon.go:35 +0x18b
time="02-13 09:51:17.670" level=panic msg="error reading config file" error="read .env: is a directory"
panic: (*logrus.Entry) 0xc0001880e0

goroutine 1 [running]:
github.com/sirupsen/logrus.(*Entry).log(0xc00009df30, 0x0, {0xc000028080, 0x19})
	/go/pkg/mod/github.com/sirupsen/logrus@v1.8.1/entry.go:259 +0x24f
github.com/sirupsen/logrus.(*Entry).Log(0xc000188070, 0x0, {0xc00009df30, 0x825980, 0xc00007c030})
	/go/pkg/mod/github.com/sirupsen/logrus@v1.8.1/entry.go:293 +0x4f
github.com/sirupsen/logrus.(*Entry).Panic(...)
	/go/pkg/mod/github.com/sirupsen/logrus@v1.8.1/entry.go:331
main.main()
	/go/src/app/daemon.go:35 +0x18b
time="02-14 05:04:53.055" level=panic msg="error reading config file" error="read .env: is a directory"
panic: (*logrus.Entry) 0xc0002080e0

goroutine 1 [running]:
github.com/sirupsen/logrus.(*Entry).log(0xc00009df30, 0x0, {0xc000028080, 0x19})
	/go/pkg/mod/github.com/sirupsen/logrus@v1.8.1/entry.go:259 +0x24f
github.com/sirupsen/logrus.(*Entry).Log(0xc000208070, 0x0, {0xc00009df30, 0x825980, 0xc00007c030})
	/go/pkg/mod/github.com/sirupsen/logrus@v1.8.1/entry.go:293 +0x4f
github.com/sirupsen/logrus.(*Entry).Panic(...)
	/go/pkg/mod/github.com/sirupsen/logrus@v1.8.1/entry.go:331
main.main()
	/go/src/app/daemon.go:35 +0x18b
time="02-14 05:04:54.072" level=panic msg="error reading config file" error="read .env: is a directory"
panic: (*logrus.Entry) 0xc0000a20e0

goroutine 1 [running]:
github.com/sirupsen/logrus.(*Entry).log(0xc000111f30, 0x0, {0xc0000a8020, 0x19})
	/go/pkg/mod/github.com/sirupsen/logrus@v1.8.1/entry.go:259 +0x24f
github.com/sirupsen/logrus.(*Entry).Log(0xc0000a2070, 0x0, {0xc000111f30, 0x825980, 0xc00009c030})
	/go/pkg/mod/github.com/sirupsen/logrus@v1.8.1/entry.go:293 +0x4f
github.com/sirupsen/logrus.(*Entry).Panic(...)
	/go/pkg/mod/github.com/sirupsen/logrus@v1.8.1/entry.go:331
main.main()
	/go/src/app/daemon.go:35 +0x18b
time="02-14 05:04:56.086" level=panic msg="error reading config file" error="read .env: is a directory"
panic: (*logrus.Entry) 0xc000174000

goroutine 1 [running]:
github.com/sirupsen/logrus.(*Entry).log(0xc000111f30, 0x0, {0xc0000281e0, 0x19})
	/go/pkg/mod/github.com/sirupsen/logrus@v1.8.1/entry.go:259 +0x24f
github.com/sirupsen/logrus.(*Entry).Log(0xc00012df80, 0x0, {0xc000111f30, 0x825980, 0xc00007f440})
	/go/pkg/mod/github.com/sirupsen/logrus@v1.8.1/entry.go:293 +0x4f
github.com/sirupsen/logrus.(*Entry).Panic(...)
	/go/pkg/mod/github.com/sirupsen/logrus@v1.8.1/entry.go:331
main.main()
	/go/src/app/daemon.go:35 +0x18b
time="02-14 05:04:59.103" level=panic msg="error reading config file" error="read .env: is a directory"
panic: (*logrus.Entry) 0xc00018e0e0

goroutine 1 [running]:
github.com/sirupsen/logrus.(*Entry).log(0xc000111f30, 0x0, {0xc000194020, 0x19})
	/go/pkg/mod/github.com/sirupsen/logrus@v1.8.1/entry.go:259 +0x24f
github.com/sirupsen/logrus.(*Entry).Log(0xc00018e070, 0x0, {0xc000111f30, 0x825980, 0xc000186030})
	/go/pkg/mod/github.com/sirupsen/logrus@v1.8.1/entry.go:293 +0x4f
github.com/sirupsen/logrus.(*Entry).Panic(...)
	/go/pkg/mod/github.com/sirupsen/logrus@v1.8.1/entry.go:331
main.main()
	/go/src/app/daemon.go:35 +0x18b
